Arguments: 
  /Users/Marco/Work/emsdk/node/12.9.1_64bit/bin/node /usr/local/Cellar/yarn/1.22.4/libexec/bin/yarn.js build

PATH: 
  /Users/Marco/Work/emsdk:/Users/Marco/Work/emsdk/upstream/emscripten:/Users/Marco/Work/emsdk/node/12.9.1_64bit/bin:/Users/Marco/Projects/emsdk-portable/emscripten/incoming:/Users/Marco/Projects/emsdk-portable/clang/fastcomp/build_incoming_64/bin:/Users/Marco/.cargo/bin:/Library/Frameworks/Python.framework/Versions/2.7/bin:/Users/Marco/.nvm/versions/node/v10.15.3/bin:/usr/local/bin:/usr/bin:/bin:/usr/sbin:/sbin:/Library/TeX/texbin:/Applications/Wireshark.app/Contents/MacOS

Yarn version: 
  1.22.4

Node version: 
  12.9.1

Platform: 
  darwin x64

Trace: 
  SyntaxError: /Users/Marco/Projects/controlli-polizia-covid-19/package.json: Unexpected token < in JSON at position 578
      at JSON.parse (<anonymous>)
      at /usr/local/Cellar/yarn/1.22.4/libexec/lib/cli.js:1625:59
      at Generator.next (<anonymous>)
      at step (/usr/local/Cellar/yarn/1.22.4/libexec/lib/cli.js:310:30)
      at /usr/local/Cellar/yarn/1.22.4/libexec/lib/cli.js:321:13

npm manifest: 
  {
    "name": "controlli-polizia-covid-19",
    "version": "1.0.0",
    "description": "Dataset controlli COVID-19 effettuati da forze di polizia",
    "main": "src/index.js",
    "scripts": {
      "build": "node src/index.js"
    },
    "keywords": [
      "covid-19",
      "open-data",
      "italy"
    ],
    "author": "Marco Liberati",
    "license": "MIT",
    "devDependencies": {},
    "dependencies": {
      "chart.js": "^2.9.3",
      "chartjs-node-canvas": "^3.0.6",
      "chartjs-plugin-annotation": "^0.5.7",
      "cheerio": "^1.0.0-rc.3",
      "crawler-request": "^1.2.2",
      "dayjs": "^1.8.25"
    }
  <<<<<<< Updated upstream
  }
  =======
  }
  >>>>>>> Stashed changes

yarn manifest: 
  No manifest

Lockfile: 
  No lockfile
